[38;5;112m[Appium][0m Welcome to Appium v2.13.1
[38;5;112m[Appium][0m Non-default server args:
[38;5;112m[Appium][0m { basePath: [32m'/wd/hub'[39m, loglevel: [32m'info'[39m, port: [33m65154[39m }
[38;5;112m[Appium][0m Attempting to load driver uiautomator2...
[38;5;112m[Appium][0m Appium REST http interface listener started on http://0.0.0.0:65154/wd/hub
[38;5;112m[Appium][0m You can provide the following URLs in your client code to connect to this server:
	http://192.168.134.45:65154/wd/hub
	http://127.0.0.1:65154/wd/hub (only accessible from the same host)
[38;5;112m[Appium][0m Available drivers:
[38;5;112m[Appium][0m   - uiautomator2@3.9.3 (automationName 'UiAutomator2')
[38;5;112m[Appium][0m No plugins have been installed. Use the "appium plugin" command to install the one(s) you want to use.
[38;5;86m[HTTP][0m [37m-->[39m [37mGET[39m [37m/wd/hub/status[39m [90m{}[39m
[38;5;86m[HTTP][0m [37m<-- GET /wd/hub/status [39m[32m200[39m [90m12 ms - 111[39m [90m[39m
[38;5;86m[HTTP][0m [37m-->[39m [37mGET[39m [37m/wd/hub/status[39m [90m{}[39m
[38;5;86m[HTTP][0m [37m<-- GET /wd/hub/status [39m[32m200[39m [90m2 ms - 111[39m [90m[39m
[38;5;86m[HTTP][0m [37m-->[39m [37mPOST[39m [37m/wd/hub/session[39m [90m{"capabilities":{"firstMatch":[{"appium:app":"C:\\Users\\LENOVO\\Documents\\EDUWORK\\Katalon Automation Calculator\\AutomationCalculator\\mobileapps\\Calculator_v8.1.apk","appium:autoGrantPermissions":true,"appium:automationName":"uiautomator2","appium:deviceName":"emulator-5554 (sdk_gphone64_x86_64 - Android 13)","appium:fullReset":false,"appium:newCommandTimeout":1800,"appium:noReset":true,"appium:platformName":"ANDROID","appium:platformVersion":"13","appium:systemPort":65271,"appium:udid":"emulator-5554","platformName":"ANDROID"}]},"desiredCapabilities":{"appium:app":"C:\\Users\\LENOVO\\Documents\\EDUWORK\\Katalon Automation Calculator\\AutomationCalculator\\mobileapps\\Calculator_v8.1.apk","appium:autoGrantPermissions":true,"appium:automationName":"uiautomator2","appium:deviceName":"emulator-5554 (sdk_gphone64_x86_64 - Android 13)","appium:fullReset":false,"appium:newCommandTimeout":1800,"appium:noReset":true,"appium:platformName":"ANDROID","appium:platformVersion":"13","appium:systemPort":65271,"appiu...[39m
[38;5;123m[BaseDriver][0m Ignoring capability 'appium:platformName=ANDROID' and using capability 'platformName=ANDROID'
[38;5;123m[BaseDriver][0m The capabilities ["platformName"] are standard capabilities and do not require "appium:" prefix
[38;5;112m[Appium][0m Attempting to find matching driver for automationName 'uiautomator2' and platformName 'ANDROID'
[38;5;112m[Appium][0m The 'uiautomator2' driver was installed and matched caps.
[38;5;112m[Appium][0m Will require it at C:\Users\LENOVO\.appium\node_modules\appium-uiautomator2-driver
[38;5;53m[AppiumDriver@c7ad][0m Appium v2.13.1 creating new AndroidUiautomator2Driver (v3.9.3) session
[38;5;53m[AppiumDriver@c7ad][0m Checking BaseDriver versions for Appium and AndroidUiautomator2Driver
[38;5;53m[AppiumDriver@c7ad][0m Appium's BaseDriver version is 9.13.1
[38;5;53m[AppiumDriver@c7ad][0m AndroidUiautomator2Driver's BaseDriver version is 9.13.1
[38;5;46m[9da5d821][0m[38;5;-105m[AndroidUiautomator2Driver@29a4][0m Session created with session id: 9da5d821-bf80-4ab8-a9bd-1e71daa67b63
[38;5;46m[9da5d821][0m[38;5;229m[ADB][0m Found 1 'build-tools' folders under 'C:\Users\LENOVO\.katalon\tools\android_sdk' (newest first):
[38;5;46m[9da5d821][0m[38;5;229m[ADB][0m     C:\Users\LENOVO\.katalon\tools\android_sdk\build-tools\29.0.3
[38;5;46m[9da5d821][0m[38;5;229m[ADB][0m Using 'adb.exe' from 'C:\Users\LENOVO\.katalon\tools\android_sdk\platform-tools\adb.exe'
[38;5;46m[9da5d821][0m[38;5;-105m[AndroidUiautomator2Driver@29a4][0m Retrieving device list
[38;5;46m[9da5d821][0m[38;5;-105m[AndroidUiautomator2Driver@29a4][0m Using device: emulator-5554
[38;5;46m[9da5d821][0m[38;5;229m[ADB][0m Using 'adb.exe' from 'C:\Users\LENOVO\.katalon\tools\android_sdk\platform-tools\adb.exe'
[38;5;46m[9da5d821][0m[38;5;123m[BaseDriver][0m Using local app 'C:\Users\LENOVO\Documents\EDUWORK\Katalon Automation Calculator\AutomationCalculator\mobileapps\Calculator_v8.1.apk'
[38;5;46m[9da5d821][0m[38;5;229m[ADB][0m Getting device platform version
[38;5;46m[9da5d821][0m[38;5;-105m[AndroidUiautomator2Driver@29a4][0m Relaxing hidden api policy
[38;5;46m[9da5d821][0m[38;5;229m[ADB][0m Using 'aapt2.exe' from 'C:\Users\LENOVO\.katalon\tools\android_sdk\build-tools\29.0.3\aapt2.exe'
[38;5;46m[9da5d821][0m[38;5;229m[ADB][0m Package name: 'com.google.android.calculator'
[38;5;46m[9da5d821][0m[38;5;229m[ADB][0m Main activity name: 'com.android.calculator2.Calculator'
[38;5;46m[9da5d821][0m[38;5;229m[ADB][0m Using 'apksigner.jar' from 'C:\Users\LENOVO\.katalon\tools\android_sdk\build-tools\29.0.3\lib\apksigner.jar'
[38;5;46m[9da5d821][0m[38;5;-105m[AndroidUiautomator2Driver@29a4][0m Server packages are not going to be (re)installed
[38;5;46m[9da5d821][0m[38;5;229m[ADB][0m Adding packages ["io.appium.settings","io.appium.uiautomator2.server","io.appium.uiautomator2.server.test"] to Doze whitelist
[38;5;46m[9da5d821][0m[38;5;229m[ADB][0m 'C:\Users\LENOVO\Documents\EDUWORK\Katalon Automation Calculator\AutomationCalculator\mobileapps\Calculator_v8.1.apk' is signed with a non-default certificate
[38;5;46m[9da5d821][0m[38;5;229m[ADB][0m The application at 'C:\Users\LENOVO\Documents\EDUWORK\Katalon Automation Calculator\AutomationCalculator\mobileapps\Calculator_v8.1.apk' will not be cached, because the device under test has confirmed the support of streamed installs
[38;5;46m[9da5d821][0m[38;5;229m[ADB][0m The installation of 'Calculator_v8.1.apk' took 4864ms
[38;5;46m[9da5d821][0m[38;5;-105m[AndroidUiautomator2Driver@29a4][0m Starting UIAutomator2 server 7.1.7
[38;5;46m[9da5d821][0m[38;5;-105m[AndroidUiautomator2Driver@29a4][0m Using UIAutomator2 server from 'C:\Users\LENOVO\.appium\node_modules\appium-uiautomator2-driver\node_modules\appium-uiautomator2-server\apks\appium-uiautomator2-server-v7.1.7.apk' and test from 'C:\Users\LENOVO\.appium\node_modules\appium-uiautomator2-driver\node_modules\appium-uiautomator2-server\apks\appium-uiautomator2-server-debug-androidTest.apk'
[38;5;46m[9da5d821][0m[38;5;-105m[AndroidUiautomator2Driver@29a4][0m Waiting up to 30000ms for UiAutomator2 to be online...
[38;5;46m[9da5d821][0m[38;5;-105m[AndroidUiautomator2Driver@29a4][0m socket hang up
[38;5;46m[9da5d821][0m[38;5;-105m[AndroidUiautomator2Driver@29a4][0m socket hang up
[38;5;46m[9da5d821][0m[38;5;-105m[AndroidUiautomator2Driver@29a4][0m socket hang up
[38;5;46m[9da5d821][0m[38;5;-105m[AndroidUiautomator2Driver@29a4][0m socket hang up
[38;5;46m[9da5d821][0m[38;5;-105m[AndroidUiautomator2Driver@29a4][0m socket hang up
[38;5;46m[9da5d821][0m[38;5;-105m[AndroidUiautomator2Driver@29a4][0m socket hang up
[38;5;46m[9da5d821][0m[38;5;-105m[AndroidUiautomator2Driver@29a4][0m socket hang up
[38;5;46m[9da5d821][0m[38;5;-105m[AndroidUiautomator2Driver@29a4][0m socket hang up
[38;5;46m[9da5d821][0m[38;5;-105m[AndroidUiautomator2Driver@29a4][0m socket hang up
[38;5;46m[9da5d821][0m[38;5;-105m[AndroidUiautomator2Driver@29a4][0m socket hang up
[38;5;46m[9da5d821][0m[38;5;-105m[AndroidUiautomator2Driver@29a4][0m socket hang up
[38;5;46m[9da5d821][0m[38;5;-105m[AndroidUiautomator2Driver@29a4][0m socket hang up
[38;5;46m[9da5d821][0m[38;5;-105m[AndroidUiautomator2Driver@29a4][0m Determined the downstream protocol as 'W3C'
[38;5;46m[9da5d821][0m[38;5;-105m[AndroidUiautomator2Driver@29a4][0m Screen already unlocked, doing nothing
[38;5;46m[9da5d821][0m[38;5;-105m[AndroidUiautomator2Driver@29a4][0m Starting 'com.google.android.calculator/com.android.calculator2.Calculator and waiting for 'com.google.android.calculator/com.android.calculator2.Calculator'
[38;5;46m[9da5d821][0m[38;5;53m[AppiumDriver@c7ad][0m New AndroidUiautomator2Driver session created successfully, session 9da5d821-bf80-4ab8-a9bd-1e71daa67b63 added to master session list
[38;5;46m[9da5d821][0m[38;5;86m[HTTP][0m [37m<-- POST /wd/hub/session [39m[32m200[39m [90m73157 ms - 1375[39m [90m[39m
[38;5;86m[HTTP][0m [37m-->[39m [37mGET[39m [37m/wd/hub/status[39m [90m{}[39m
[38;5;86m[HTTP][0m [37m<-- GET /wd/hub/status [39m[32m200[39m [90m2 ms - 111[39m [90m[39m
[38;5;46m[9da5d821][0m[38;5;86m[HTTP][0m [37m-->[39m [37mPOST[39m [37m/wd/hub/session/9da5d821-bf80-4ab8-a9bd-1e71daa67b63/timeouts[39m [90m{"implicit":60000}[39m
[38;5;46m[9da5d821][0m[38;5;86m[HTTP][0m [37m<-- POST /wd/hub/session/9da5d821-bf80-4ab8-a9bd-1e71daa67b63/timeouts [39m[32m200[39m [90m7 ms - 14[39m [90m[39m
[38;5;46m[9da5d821][0m[38;5;86m[HTTP][0m [37m-->[39m [37mGET[39m [37m/wd/hub/session/9da5d821-bf80-4ab8-a9bd-1e71daa67b63/source[39m [90m{}[39m
[38;5;46m[9da5d821][0m[38;5;-105m[AndroidUiautomator2Driver@29a4][0m Driver proxy active, passing request on via HTTP proxy
[38;5;46m[9da5d821][0m[38;5;-105m[AndroidUiautomator2Driver@29a4][0m Replacing sessionId 333146b4-657b-45bb-b03f-96535518d7e4 with 9da5d821-bf80-4ab8-a9bd-1e71daa67b63
[38;5;46m[9da5d821][0m[38;5;86m[HTTP][0m [37m<-- GET /wd/hub/session/9da5d821-bf80-4ab8-a9bd-1e71daa67b63/source [39m[32m200[39m [90m17092 ms - 19722[39m [90m[39m
[38;5;46m[9da5d821][0m[38;5;86m[HTTP][0m [37m-->[39m [37mGET[39m [37m/wd/hub/session/9da5d821-bf80-4ab8-a9bd-1e71daa67b63/screenshot[39m [90m{}[39m
[38;5;46m[9da5d821][0m[38;5;86m[HTTP][0m [37m<-- GET /wd/hub/session/9da5d821-bf80-4ab8-a9bd-1e71daa67b63/screenshot [39m[32m200[39m [90m6839 ms - 219640[39m [90m[39m
[38;5;46m[9da5d821][0m[38;5;86m[HTTP][0m [37m-->[39m [37mDELETE[39m [37m/wd/hub/session/9da5d821-bf80-4ab8-a9bd-1e71daa67b63[39m [90m{}[39m
[38;5;46m[9da5d821][0m[38;5;53m[AppiumDriver@c7ad][0m Removing session 9da5d821-bf80-4ab8-a9bd-1e71daa67b63 from our master session list
[38;5;46m[9da5d821][0m[38;5;-105m[AndroidUiautomator2Driver@29a4][0m Restoring hidden api policy to the device default configuration
[38;5;46m[9da5d821][0m[38;5;86m[HTTP][0m [37m<-- DELETE /wd/hub/session/9da5d821-bf80-4ab8-a9bd-1e71daa67b63 [39m[32m200[39m [90m4223 ms - 14[39m [90m[39m
